{"D:\\BlueSilo-proj\\attendance-be\\app.js": {"path":"D:\\BlueSilo-proj\\attendance-be\\app.js","statementMap":{"0":{"start":{"line":8,"column":12},"end":{"line":8,"column":21}},"1":{"start":{"line":9,"column":20},"end":{"line":13,"column":1}},"2":{"start":{"line":15,"column":0},"end":{"line":15,"column":12}},"3":{"start":{"line":17,"column":0},"end":{"line":17,"column":27}},"4":{"start":{"line":18,"column":0},"end":{"line":23,"column":2}},"5":{"start":{"line":25,"column":0},"end":{"line":25,"column":27}},"6":{"start":{"line":27,"column":0},"end":{"line":27,"column":21}},"7":{"start":{"line":29,"column":0},"end":{"line":29,"column":18}},"8":{"start":{"line":30,"column":0},"end":{"line":30,"column":22}}},"fnMap":{},"branchMap":{},"s":{"0":1,"1":1,"2":1,"3":1,"4":1,"5":1,"6":1,"7":1,"8":1},"f":{},"b":{},"_coverageSchema":"1a1c01bbd47fc00a2c39e90264f33305004495a9","hash":"5543530a0115aecc9bbca650e56d912d33620360"}
,"D:\\BlueSilo-proj\\attendance-be\\config\\db.js": {"path":"D:\\BlueSilo-proj\\attendance-be\\config\\db.js","statementMap":{"0":{"start":{"line":3,"column":18},"end":{"line":15,"column":1}},"1":{"start":{"line":4,"column":2},"end":{"line":4,"column":42}},"2":{"start":{"line":5,"column":2},"end":{"line":5,"column":37}},"3":{"start":{"line":7,"column":15},"end":{"line":14,"column":6}},"4":{"start":{"line":10,"column":6},"end":{"line":10,"column":68}},"5":{"start":{"line":13,"column":6},"end":{"line":13,"column":64}},"6":{"start":{"line":17,"column":16},"end":{"line":19,"column":1}},"7":{"start":{"line":18,"column":2},"end":{"line":18,"column":30}}},"fnMap":{"0":{"name":"(anonymous_0)","decl":{"start":{"line":3,"column":18},"end":{"line":3,"column":19}},"loc":{"start":{"line":3,"column":24},"end":{"line":15,"column":1}},"line":3},"1":{"name":"(anonymous_1)","decl":{"start":{"line":9,"column":10},"end":{"line":9,"column":11}},"loc":{"start":{"line":9,"column":16},"end":{"line":11,"column":5}},"line":9},"2":{"name":"(anonymous_2)","decl":{"start":{"line":12,"column":11},"end":{"line":12,"column":12}},"loc":{"start":{"line":12,"column":20},"end":{"line":14,"column":5}},"line":12},"3":{"name":"(anonymous_3)","decl":{"start":{"line":17,"column":16},"end":{"line":17,"column":17}},"loc":{"start":{"line":17,"column":22},"end":{"line":19,"column":1}},"line":17}},"branchMap":{},"s":{"0":1,"1":1,"2":1,"3":1,"4":1,"5":0,"6":1,"7":0},"f":{"0":1,"1":1,"2":0,"3":0},"b":{},"_coverageSchema":"1a1c01bbd47fc00a2c39e90264f33305004495a9","hash":"645a51a5355129502264c187d7155ae7adf7e886"}
,"D:\\BlueSilo-proj\\attendance-be\\src\\controllers\\attendanceOvertime.controller.js": {"path":"D:\\BlueSilo-proj\\attendance-be\\src\\controllers\\attendanceOvertime.controller.js","statementMap":{"0":{"start":{"line":9,"column":4},"end":{"line":9,"column":30}},"1":{"start":{"line":13,"column":4},"end":{"line":45,"column":5}},"2":{"start":{"line":14,"column":43},"end":{"line":14,"column":51}},"3":{"start":{"line":15,"column":31},"end":{"line":18,"column":8}},"4":{"start":{"line":20,"column":23},"end":{"line":20,"column":58}},"5":{"start":{"line":21,"column":22},"end":{"line":21,"column":56}},"6":{"start":{"line":23,"column":31},"end":{"line":25,"column":7}},"7":{"start":{"line":27,"column":22},"end":{"line":32,"column":7}},"8":{"start":{"line":34,"column":26},"end":{"line":34,"column":66}},"9":{"start":{"line":36,"column":6},"end":{"line":38,"column":7}},"10":{"start":{"line":37,"column":8},"end":{"line":37,"column":56}},"11":{"start":{"line":40,"column":6},"end":{"line":42,"column":9}},"12":{"start":{"line":44,"column":6},"end":{"line":44,"column":18}},"13":{"start":{"line":49,"column":4},"end":{"line":101,"column":5}},"14":{"start":{"line":50,"column":25},"end":{"line":62,"column":7}},"15":{"start":{"line":64,"column":23},"end":{"line":84,"column":7}},"16":{"start":{"line":86,"column":6},"end":{"line":88,"column":7}},"17":{"start":{"line":87,"column":8},"end":{"line":87,"column":59}},"18":{"start":{"line":90,"column":6},"end":{"line":92,"column":7}},"19":{"start":{"line":91,"column":8},"end":{"line":91,"column":61}},"20":{"start":{"line":94,"column":21},"end":{"line":94,"column":65}},"21":{"start":{"line":96,"column":6},"end":{"line":98,"column":9}},"22":{"start":{"line":100,"column":6},"end":{"line":100,"column":18}},"23":{"start":{"line":105,"column":19},"end":{"line":105,"column":29}},"24":{"start":{"line":106,"column":32},"end":{"line":106,"column":40}},"25":{"start":{"line":108,"column":4},"end":{"line":140,"column":5}},"26":{"start":{"line":109,"column":25},"end":{"line":109,"column":27}},"27":{"start":{"line":111,"column":6},"end":{"line":114,"column":7}},"28":{"start":{"line":112,"column":8},"end":{"line":112,"column":78}},"29":{"start":{"line":113,"column":8},"end":{"line":113,"column":73}},"30":{"start":{"line":116,"column":6},"end":{"line":121,"column":7}},"31":{"start":{"line":117,"column":8},"end":{"line":118,"column":40}},"32":{"start":{"line":119,"column":8},"end":{"line":120,"column":34}},"33":{"start":{"line":124,"column":8},"end":{"line":128,"column":9}},"34":{"start":{"line":130,"column":6},"end":{"line":132,"column":7}},"35":{"start":{"line":131,"column":8},"end":{"line":131,"column":66}},"36":{"start":{"line":134,"column":6},"end":{"line":137,"column":9}},"37":{"start":{"line":139,"column":6},"end":{"line":139,"column":18}},"38":{"start":{"line":144,"column":27},"end":{"line":144,"column":61}}},"fnMap":{"0":{"name":"(anonymous_0)","decl":{"start":{"line":8,"column":2},"end":{"line":8,"column":3}},"loc":{"start":{"line":8,"column":16},"end":{"line":10,"column":3}},"line":8},"1":{"name":"(anonymous_1)","decl":{"start":{"line":12,"column":2},"end":{"line":12,"column":3}},"loc":{"start":{"line":12,"column":40},"end":{"line":46,"column":3}},"line":12},"2":{"name":"(anonymous_2)","decl":{"start":{"line":48,"column":2},"end":{"line":48,"column":3}},"loc":{"start":{"line":48,"column":37},"end":{"line":102,"column":3}},"line":48},"3":{"name":"(anonymous_3)","decl":{"start":{"line":104,"column":2},"end":{"line":104,"column":3}},"loc":{"start":{"line":104,"column":38},"end":{"line":141,"column":3}},"line":104}},"branchMap":{"0":{"loc":{"start":{"line":36,"column":6},"end":{"line":38,"column":7}},"type":"if","locations":[{"start":{"line":36,"column":6},"end":{"line":38,"column":7}},{"start":{},"end":{}}],"line":36},"1":{"loc":{"start":{"line":86,"column":6},"end":{"line":88,"column":7}},"type":"if","locations":[{"start":{"line":86,"column":6},"end":{"line":88,"column":7}},{"start":{},"end":{}}],"line":86},"2":{"loc":{"start":{"line":90,"column":6},"end":{"line":92,"column":7}},"type":"if","locations":[{"start":{"line":90,"column":6},"end":{"line":92,"column":7}},{"start":{},"end":{}}],"line":90},"3":{"loc":{"start":{"line":111,"column":6},"end":{"line":114,"column":7}},"type":"if","locations":[{"start":{"line":111,"column":6},"end":{"line":114,"column":7}},{"start":{},"end":{}}],"line":111},"4":{"loc":{"start":{"line":112,"column":53},"end":{"line":112,"column":77}},"type":"binary-expr","locations":[{"start":{"line":112,"column":53},"end":{"line":112,"column":64}},{"start":{"line":112,"column":68},"end":{"line":112,"column":77}}],"line":112},"5":{"loc":{"start":{"line":113,"column":54},"end":{"line":113,"column":72}},"type":"binary-expr","locations":[{"start":{"line":113,"column":54},"end":{"line":113,"column":66}},{"start":{"line":113,"column":70},"end":{"line":113,"column":72}}],"line":113},"6":{"loc":{"start":{"line":116,"column":6},"end":{"line":121,"column":7}},"type":"if","locations":[{"start":{"line":116,"column":6},"end":{"line":121,"column":7}},{"start":{},"end":{}}],"line":116},"7":{"loc":{"start":{"line":118,"column":10},"end":{"line":118,"column":39}},"type":"binary-expr","locations":[{"start":{"line":118,"column":10},"end":{"line":118,"column":26}},{"start":{"line":118,"column":30},"end":{"line":118,"column":39}}],"line":118},"8":{"loc":{"start":{"line":120,"column":10},"end":{"line":120,"column":33}},"type":"binary-expr","locations":[{"start":{"line":120,"column":10},"end":{"line":120,"column":27}},{"start":{"line":120,"column":31},"end":{"line":120,"column":33}}],"line":120},"9":{"loc":{"start":{"line":130,"column":6},"end":{"line":132,"column":7}},"type":"if","locations":[{"start":{"line":130,"column":6},"end":{"line":132,"column":7}},{"start":{},"end":{}}],"line":130}},"s":{"0":1,"1":0,"2":0,"3":0,"4":0,"5":0,"6":0,"7":0,"8":0,"9":0,"10":0,"11":0,"12":0,"13":0,"14":0,"15":0,"16":0,"17":0,"18":0,"19":0,"20":0,"21":0,"22":0,"23":0,"24":0,"25":0,"26":0,"27":0,"28":0,"29":0,"30":0,"31":0,"32":0,"33":0,"34":0,"35":0,"36":0,"37":0,"38":1},"f":{"0":1,"1":0,"2":0,"3":0},"b":{"0":[0,0],"1":[0,0],"2":[0,0],"3":[0,0],"4":[0,0],"5":[0,0],"6":[0,0],"7":[0,0],"8":[0,0],"9":[0,0]},"_coverageSchema":"1a1c01bbd47fc00a2c39e90264f33305004495a9","hash":"26b1c790002c1a3fbadacd04369ee30e586e7641"}
,"D:\\BlueSilo-proj\\attendance-be\\src\\controllers\\attendanceRequest.controller.js": {"path":"D:\\BlueSilo-proj\\attendance-be\\src\\controllers\\attendanceRequest.controller.js","statementMap":{"0":{"start":{"line":11,"column":4},"end":{"line":11,"column":34}},"1":{"start":{"line":15,"column":4},"end":{"line":44,"column":5}},"2":{"start":{"line":16,"column":31},"end":{"line":20,"column":17}},"3":{"start":{"line":22,"column":6},"end":{"line":24,"column":7}},"4":{"start":{"line":23,"column":8},"end":{"line":23,"column":65}},"5":{"start":{"line":26,"column":22},"end":{"line":31,"column":8}},"6":{"start":{"line":33,"column":26},"end":{"line":33,"column":46}},"7":{"start":{"line":35,"column":6},"end":{"line":35,"column":31}},"8":{"start":{"line":37,"column":6},"end":{"line":39,"column":7}},"9":{"start":{"line":38,"column":8},"end":{"line":38,"column":56}},"10":{"start":{"line":41,"column":6},"end":{"line":41,"column":57}},"11":{"start":{"line":43,"column":6},"end":{"line":43,"column":18}},"12":{"start":{"line":48,"column":19},"end":{"line":48,"column":29}},"13":{"start":{"line":50,"column":4},"end":{"line":62,"column":5}},"14":{"start":{"line":51,"column":31},"end":{"line":53,"column":8}},"15":{"start":{"line":55,"column":6},"end":{"line":57,"column":7}},"16":{"start":{"line":56,"column":8},"end":{"line":56,"column":65}},"17":{"start":{"line":59,"column":6},"end":{"line":59,"column":55}},"18":{"start":{"line":61,"column":6},"end":{"line":61,"column":18}},"19":{"start":{"line":66,"column":19},"end":{"line":66,"column":29}},"20":{"start":{"line":67,"column":32},"end":{"line":67,"column":40}},"21":{"start":{"line":69,"column":4},"end":{"line":101,"column":5}},"22":{"start":{"line":70,"column":25},"end":{"line":70,"column":27}},"23":{"start":{"line":72,"column":6},"end":{"line":75,"column":7}},"24":{"start":{"line":73,"column":8},"end":{"line":73,"column":78}},"25":{"start":{"line":74,"column":8},"end":{"line":74,"column":73}},"26":{"start":{"line":77,"column":6},"end":{"line":82,"column":7}},"27":{"start":{"line":78,"column":8},"end":{"line":79,"column":40}},"28":{"start":{"line":80,"column":8},"end":{"line":81,"column":34}},"29":{"start":{"line":85,"column":8},"end":{"line":89,"column":9}},"30":{"start":{"line":91,"column":6},"end":{"line":93,"column":7}},"31":{"start":{"line":92,"column":8},"end":{"line":92,"column":66}},"32":{"start":{"line":95,"column":6},"end":{"line":98,"column":9}},"33":{"start":{"line":100,"column":6},"end":{"line":100,"column":18}},"34":{"start":{"line":105,"column":4},"end":{"line":157,"column":5}},"35":{"start":{"line":106,"column":25},"end":{"line":118,"column":7}},"36":{"start":{"line":120,"column":23},"end":{"line":140,"column":7}},"37":{"start":{"line":142,"column":6},"end":{"line":144,"column":7}},"38":{"start":{"line":143,"column":8},"end":{"line":143,"column":59}},"39":{"start":{"line":146,"column":6},"end":{"line":148,"column":7}},"40":{"start":{"line":147,"column":8},"end":{"line":147,"column":61}},"41":{"start":{"line":150,"column":21},"end":{"line":150,"column":69}},"42":{"start":{"line":152,"column":6},"end":{"line":154,"column":9}},"43":{"start":{"line":156,"column":6},"end":{"line":156,"column":18}},"44":{"start":{"line":161,"column":36},"end":{"line":161,"column":69}}},"fnMap":{"0":{"name":"(anonymous_0)","decl":{"start":{"line":10,"column":2},"end":{"line":10,"column":3}},"loc":{"start":{"line":10,"column":16},"end":{"line":12,"column":3}},"line":10},"1":{"name":"(anonymous_1)","decl":{"start":{"line":14,"column":2},"end":{"line":14,"column":3}},"loc":{"start":{"line":14,"column":39},"end":{"line":45,"column":3}},"line":14},"2":{"name":"(anonymous_2)","decl":{"start":{"line":47,"column":2},"end":{"line":47,"column":3}},"loc":{"start":{"line":47,"column":34},"end":{"line":63,"column":3}},"line":47},"3":{"name":"(anonymous_3)","decl":{"start":{"line":65,"column":2},"end":{"line":65,"column":3}},"loc":{"start":{"line":65,"column":38},"end":{"line":102,"column":3}},"line":65},"4":{"name":"(anonymous_4)","decl":{"start":{"line":104,"column":2},"end":{"line":104,"column":3}},"loc":{"start":{"line":104,"column":37},"end":{"line":158,"column":3}},"line":104}},"branchMap":{"0":{"loc":{"start":{"line":22,"column":6},"end":{"line":24,"column":7}},"type":"if","locations":[{"start":{"line":22,"column":6},"end":{"line":24,"column":7}},{"start":{},"end":{}}],"line":22},"1":{"loc":{"start":{"line":37,"column":6},"end":{"line":39,"column":7}},"type":"if","locations":[{"start":{"line":37,"column":6},"end":{"line":39,"column":7}},{"start":{},"end":{}}],"line":37},"2":{"loc":{"start":{"line":55,"column":6},"end":{"line":57,"column":7}},"type":"if","locations":[{"start":{"line":55,"column":6},"end":{"line":57,"column":7}},{"start":{},"end":{}}],"line":55},"3":{"loc":{"start":{"line":72,"column":6},"end":{"line":75,"column":7}},"type":"if","locations":[{"start":{"line":72,"column":6},"end":{"line":75,"column":7}},{"start":{},"end":{}}],"line":72},"4":{"loc":{"start":{"line":73,"column":53},"end":{"line":73,"column":77}},"type":"binary-expr","locations":[{"start":{"line":73,"column":53},"end":{"line":73,"column":64}},{"start":{"line":73,"column":68},"end":{"line":73,"column":77}}],"line":73},"5":{"loc":{"start":{"line":74,"column":54},"end":{"line":74,"column":72}},"type":"binary-expr","locations":[{"start":{"line":74,"column":54},"end":{"line":74,"column":66}},{"start":{"line":74,"column":70},"end":{"line":74,"column":72}}],"line":74},"6":{"loc":{"start":{"line":77,"column":6},"end":{"line":82,"column":7}},"type":"if","locations":[{"start":{"line":77,"column":6},"end":{"line":82,"column":7}},{"start":{},"end":{}}],"line":77},"7":{"loc":{"start":{"line":79,"column":10},"end":{"line":79,"column":39}},"type":"binary-expr","locations":[{"start":{"line":79,"column":10},"end":{"line":79,"column":26}},{"start":{"line":79,"column":30},"end":{"line":79,"column":39}}],"line":79},"8":{"loc":{"start":{"line":81,"column":10},"end":{"line":81,"column":33}},"type":"binary-expr","locations":[{"start":{"line":81,"column":10},"end":{"line":81,"column":27}},{"start":{"line":81,"column":31},"end":{"line":81,"column":33}}],"line":81},"9":{"loc":{"start":{"line":91,"column":6},"end":{"line":93,"column":7}},"type":"if","locations":[{"start":{"line":91,"column":6},"end":{"line":93,"column":7}},{"start":{},"end":{}}],"line":91},"10":{"loc":{"start":{"line":142,"column":6},"end":{"line":144,"column":7}},"type":"if","locations":[{"start":{"line":142,"column":6},"end":{"line":144,"column":7}},{"start":{},"end":{}}],"line":142},"11":{"loc":{"start":{"line":146,"column":6},"end":{"line":148,"column":7}},"type":"if","locations":[{"start":{"line":146,"column":6},"end":{"line":148,"column":7}},{"start":{},"end":{}}],"line":146}},"s":{"0":1,"1":0,"2":0,"3":0,"4":0,"5":0,"6":0,"7":0,"8":0,"9":0,"10":0,"11":0,"12":0,"13":0,"14":0,"15":0,"16":0,"17":0,"18":0,"19":0,"20":0,"21":0,"22":0,"23":0,"24":0,"25":0,"26":0,"27":0,"28":0,"29":0,"30":0,"31":0,"32":0,"33":0,"34":0,"35":0,"36":0,"37":0,"38":0,"39":0,"40":0,"41":0,"42":0,"43":0,"44":1},"f":{"0":1,"1":0,"2":0,"3":0,"4":0},"b":{"0":[0,0],"1":[0,0],"2":[0,0],"3":[0,0],"4":[0,0],"5":[0,0],"6":[0,0],"7":[0,0],"8":[0,0],"9":[0,0],"10":[0,0],"11":[0,0]},"_coverageSchema":"1a1c01bbd47fc00a2c39e90264f33305004495a9","hash":"316708208043436ca0ca0afb6169ebc84d72583a"}
,"D:\\BlueSilo-proj\\attendance-be\\src\\controllers\\attendanceSetting.controller.js": {"path":"D:\\BlueSilo-proj\\attendance-be\\src\\controllers\\attendanceSetting.controller.js","statementMap":{"0":{"start":{"line":8,"column":4},"end":{"line":8,"column":34}},"1":{"start":{"line":61,"column":36},"end":{"line":61,"column":59}}},"fnMap":{"0":{"name":"(anonymous_0)","decl":{"start":{"line":7,"column":2},"end":{"line":7,"column":3}},"loc":{"start":{"line":7,"column":16},"end":{"line":9,"column":3}},"line":7}},"branchMap":{},"s":{"0":1,"1":1},"f":{"0":1},"b":{},"_coverageSchema":"1a1c01bbd47fc00a2c39e90264f33305004495a9","hash":"33f4d3a6c8085e82833c60d04a4ae70bba845b60"}
,"D:\\BlueSilo-proj\\attendance-be\\src\\controllers\\base.controller.js": {"path":"D:\\BlueSilo-proj\\attendance-be\\src\\controllers\\base.controller.js","statementMap":{"0":{"start":{"line":5,"column":4},"end":{"line":7,"column":5}},"1":{"start":{"line":6,"column":6},"end":{"line":6,"column":80}},"2":{"start":{"line":9,"column":4},"end":{"line":9,"column":23}},"3":{"start":{"line":12,"column":4},"end":{"line":22,"column":5}},"4":{"start":{"line":13,"column":23},"end":{"line":13,"column":56}},"5":{"start":{"line":14,"column":19},"end":{"line":17,"column":50}},"6":{"start":{"line":19,"column":6},"end":{"line":19,"column":70}},"7":{"start":{"line":21,"column":6},"end":{"line":21,"column":18}},"8":{"start":{"line":25,"column":19},"end":{"line":25,"column":29}},"9":{"start":{"line":26,"column":4},"end":{"line":34,"column":5}},"10":{"start":{"line":27,"column":19},"end":{"line":27,"column":57}},"11":{"start":{"line":28,"column":6},"end":{"line":30,"column":7}},"12":{"start":{"line":29,"column":8},"end":{"line":29,"column":56}},"13":{"start":{"line":31,"column":6},"end":{"line":31,"column":50}},"14":{"start":{"line":33,"column":6},"end":{"line":33,"column":18}},"15":{"start":{"line":38,"column":20},"end":{"line":38,"column":28}},"16":{"start":{"line":39,"column":4},"end":{"line":48,"column":5}},"17":{"start":{"line":40,"column":26},"end":{"line":40,"column":58}},"18":{"start":{"line":42,"column":6},"end":{"line":44,"column":7}},"19":{"start":{"line":43,"column":8},"end":{"line":43,"column":56}},"20":{"start":{"line":45,"column":6},"end":{"line":45,"column":57}},"21":{"start":{"line":47,"column":6},"end":{"line":47,"column":18}},"22":{"start":{"line":52,"column":19},"end":{"line":52,"column":29}},"23":{"start":{"line":53,"column":24},"end":{"line":53,"column":32}},"24":{"start":{"line":54,"column":4},"end":{"line":66,"column":5}},"25":{"start":{"line":55,"column":21},"end":{"line":59,"column":7}},"26":{"start":{"line":60,"column":6},"end":{"line":62,"column":7}},"27":{"start":{"line":61,"column":8},"end":{"line":61,"column":56}},"28":{"start":{"line":63,"column":6},"end":{"line":63,"column":52}},"29":{"start":{"line":65,"column":6},"end":{"line":65,"column":18}},"30":{"start":{"line":70,"column":19},"end":{"line":70,"column":29}},"31":{"start":{"line":71,"column":4},"end":{"line":79,"column":5}},"32":{"start":{"line":72,"column":21},"end":{"line":72,"column":67}},"33":{"start":{"line":73,"column":6},"end":{"line":75,"column":7}},"34":{"start":{"line":74,"column":8},"end":{"line":74,"column":56}},"35":{"start":{"line":76,"column":6},"end":{"line":76,"column":76}},"36":{"start":{"line":78,"column":6},"end":{"line":78,"column":18}}},"fnMap":{"0":{"name":"(anonymous_0)","decl":{"start":{"line":4,"column":2},"end":{"line":4,"column":3}},"loc":{"start":{"line":4,"column":21},"end":{"line":10,"column":3}},"line":4},"1":{"name":"(anonymous_1)","decl":{"start":{"line":11,"column":2},"end":{"line":11,"column":3}},"loc":{"start":{"line":11,"column":31},"end":{"line":23,"column":3}},"line":11},"2":{"name":"(anonymous_2)","decl":{"start":{"line":24,"column":2},"end":{"line":24,"column":3}},"loc":{"start":{"line":24,"column":32},"end":{"line":35,"column":3}},"line":24},"3":{"name":"(anonymous_3)","decl":{"start":{"line":37,"column":2},"end":{"line":37,"column":3}},"loc":{"start":{"line":37,"column":31},"end":{"line":49,"column":3}},"line":37},"4":{"name":"(anonymous_4)","decl":{"start":{"line":51,"column":2},"end":{"line":51,"column":3}},"loc":{"start":{"line":51,"column":31},"end":{"line":67,"column":3}},"line":51},"5":{"name":"(anonymous_5)","decl":{"start":{"line":69,"column":2},"end":{"line":69,"column":3}},"loc":{"start":{"line":69,"column":31},"end":{"line":80,"column":3}},"line":69}},"branchMap":{"0":{"loc":{"start":{"line":5,"column":4},"end":{"line":7,"column":5}},"type":"if","locations":[{"start":{"line":5,"column":4},"end":{"line":7,"column":5}},{"start":{},"end":{}}],"line":5},"1":{"loc":{"start":{"line":16,"column":15},"end":{"line":16,"column":52}},"type":"cond-expr","locations":[{"start":{"line":16,"column":33},"end":{"line":16,"column":48}},{"start":{"line":16,"column":51},"end":{"line":16,"column":52}}],"line":16},"2":{"loc":{"start":{"line":17,"column":14},"end":{"line":17,"column":49}},"type":"cond-expr","locations":[{"start":{"line":17,"column":31},"end":{"line":17,"column":45}},{"start":{"line":17,"column":48},"end":{"line":17,"column":49}}],"line":17},"3":{"loc":{"start":{"line":28,"column":6},"end":{"line":30,"column":7}},"type":"if","locations":[{"start":{"line":28,"column":6},"end":{"line":30,"column":7}},{"start":{},"end":{}}],"line":28},"4":{"loc":{"start":{"line":42,"column":6},"end":{"line":44,"column":7}},"type":"if","locations":[{"start":{"line":42,"column":6},"end":{"line":44,"column":7}},{"start":{},"end":{}}],"line":42},"5":{"loc":{"start":{"line":60,"column":6},"end":{"line":62,"column":7}},"type":"if","locations":[{"start":{"line":60,"column":6},"end":{"line":62,"column":7}},{"start":{},"end":{}}],"line":60},"6":{"loc":{"start":{"line":73,"column":6},"end":{"line":75,"column":7}},"type":"if","locations":[{"start":{"line":73,"column":6},"end":{"line":75,"column":7}},{"start":{},"end":{}}],"line":73}},"s":{"0":3,"1":0,"2":3,"3":0,"4":0,"5":0,"6":0,"7":0,"8":0,"9":0,"10":0,"11":0,"12":0,"13":0,"14":0,"15":0,"16":0,"17":0,"18":0,"19":0,"20":0,"21":0,"22":0,"23":0,"24":0,"25":0,"26":0,"27":0,"28":0,"29":0,"30":0,"31":0,"32":0,"33":0,"34":0,"35":0,"36":0},"f":{"0":3,"1":0,"2":0,"3":0,"4":0,"5":0},"b":{"0":[0,3],"1":[0,0],"2":[0,0],"3":[0,0],"4":[0,0],"5":[0,0],"6":[0,0]},"_coverageSchema":"1a1c01bbd47fc00a2c39e90264f33305004495a9","hash":"404d87442be49b2f0b6c9593dd04c79623f13197"}
,"D:\\BlueSilo-proj\\attendance-be\\src\\middlewares\\error.middleware.js": {"path":"D:\\BlueSilo-proj\\attendance-be\\src\\middlewares\\error.middleware.js","statementMap":{"0":{"start":{"line":1,"column":17},"end":{"line":5,"column":1}},"1":{"start":{"line":2,"column":16},"end":{"line":2,"column":60}},"2":{"start":{"line":3,"column":2},"end":{"line":3,"column":18}},"3":{"start":{"line":4,"column":2},"end":{"line":4,"column":14}},"4":{"start":{"line":7,"column":21},"end":{"line":15,"column":1}},"5":{"start":{"line":8,"column":21},"end":{"line":8,"column":66}},"6":{"start":{"line":9,"column":2},"end":{"line":9,"column":18}},"7":{"start":{"line":10,"column":2},"end":{"line":10,"column":25}},"8":{"start":{"line":11,"column":2},"end":{"line":14,"column":5}}},"fnMap":{"0":{"name":"(anonymous_0)","decl":{"start":{"line":1,"column":17},"end":{"line":1,"column":18}},"loc":{"start":{"line":1,"column":37},"end":{"line":5,"column":1}},"line":1},"1":{"name":"(anonymous_1)","decl":{"start":{"line":7,"column":21},"end":{"line":7,"column":22}},"loc":{"start":{"line":7,"column":46},"end":{"line":15,"column":1}},"line":7}},"branchMap":{"0":{"loc":{"start":{"line":8,"column":21},"end":{"line":8,"column":66}},"type":"cond-expr","locations":[{"start":{"line":8,"column":46},"end":{"line":8,"column":49}},{"start":{"line":8,"column":52},"end":{"line":8,"column":66}}],"line":8}},"s":{"0":1,"1":0,"2":0,"3":0,"4":1,"5":0,"6":0,"7":0,"8":0},"f":{"0":0,"1":0},"b":{"0":[0,0]},"_coverageSchema":"1a1c01bbd47fc00a2c39e90264f33305004495a9","hash":"3fa358c257249ca033005b83d0d1fa7ae82f0b8a"}
,"D:\\BlueSilo-proj\\attendance-be\\src\\models\\attendanceOvertime.model.js": {"path":"D:\\BlueSilo-proj\\attendance-be\\src\\models\\attendanceOvertime.model.js","statementMap":{"0":{"start":{"line":3,"column":33},"end":{"line":53,"column":1}},"1":{"start":{"line":55,"column":27},"end":{"line":58,"column":1}}},"fnMap":{},"branchMap":{},"s":{"0":1,"1":1},"f":{},"b":{},"_coverageSchema":"1a1c01bbd47fc00a2c39e90264f33305004495a9","hash":"13aa6c1f6d39d993c6e2608f0924c81ba54d798c"}
,"D:\\BlueSilo-proj\\attendance-be\\src\\models\\attendanceRequest.model.js": {"path":"D:\\BlueSilo-proj\\attendance-be\\src\\models\\attendanceRequest.model.js","statementMap":{"0":{"start":{"line":3,"column":32},"end":{"line":57,"column":1}},"1":{"start":{"line":59,"column":31},"end":{"line":62,"column":1}}},"fnMap":{},"branchMap":{},"s":{"0":1,"1":1},"f":{},"b":{},"_coverageSchema":"1a1c01bbd47fc00a2c39e90264f33305004495a9","hash":"c2fb3342cefbe4aefd1bb7200ac8e0d5d9a8b99c"}
,"D:\\BlueSilo-proj\\attendance-be\\src\\models\\attendanceSetting.model.js": {"path":"D:\\BlueSilo-proj\\attendance-be\\src\\models\\attendanceSetting.model.js","statementMap":{"0":{"start":{"line":5,"column":32},"end":{"line":71,"column":1}},"1":{"start":{"line":73,"column":31},"end":{"line":76,"column":1}}},"fnMap":{},"branchMap":{},"s":{"0":1,"1":1},"f":{},"b":{},"_coverageSchema":"1a1c01bbd47fc00a2c39e90264f33305004495a9","hash":"9898348b3b5887423da0b0dd1e97e08eb22de5ed"}
,"D:\\BlueSilo-proj\\attendance-be\\src\\models\\attendances.model.js": {"path":"D:\\BlueSilo-proj\\attendance-be\\src\\models\\attendances.model.js","statementMap":{"0":{"start":{"line":3,"column":25},"end":{"line":107,"column":1}},"1":{"start":{"line":109,"column":25},"end":{"line":109,"column":72}}},"fnMap":{},"branchMap":{},"s":{"0":1,"1":1},"f":{},"b":{},"_coverageSchema":"1a1c01bbd47fc00a2c39e90264f33305004495a9","hash":"bf9dc072171ff56e8d76debf6ca0c6c9baa75ff2"}
,"D:\\BlueSilo-proj\\attendance-be\\src\\routes\\attendance.route.js": {"path":"D:\\BlueSilo-proj\\attendance-be\\src\\routes\\attendance.route.js","statementMap":{"0":{"start":{"line":6,"column":25},"end":{"line":6,"column":41}},"1":{"start":{"line":8,"column":0},"end":{"line":14,"column":2}},"2":{"start":{"line":12,"column":4},"end":{"line":12,"column":57}},"3":{"start":{"line":16,"column":0},"end":{"line":22,"column":2}},"4":{"start":{"line":20,"column":4},"end":{"line":20,"column":58}},"5":{"start":{"line":24,"column":0},"end":{"line":30,"column":2}},"6":{"start":{"line":28,"column":4},"end":{"line":28,"column":54}},"7":{"start":{"line":32,"column":0},"end":{"line":38,"column":2}},"8":{"start":{"line":36,"column":4},"end":{"line":36,"column":66}},"9":{"start":{"line":40,"column":0},"end":{"line":42,"column":3}},"10":{"start":{"line":41,"column":2},"end":{"line":41,"column":53}},"11":{"start":{"line":44,"column":0},"end":{"line":46,"column":3}},"12":{"start":{"line":45,"column":2},"end":{"line":45,"column":56}},"13":{"start":{"line":48,"column":0},"end":{"line":50,"column":3}},"14":{"start":{"line":49,"column":2},"end":{"line":49,"column":59}}},"fnMap":{"0":{"name":"(anonymous_0)","decl":{"start":{"line":11,"column":2},"end":{"line":11,"column":3}},"loc":{"start":{"line":11,"column":28},"end":{"line":13,"column":3}},"line":11},"1":{"name":"(anonymous_1)","decl":{"start":{"line":19,"column":2},"end":{"line":19,"column":3}},"loc":{"start":{"line":19,"column":28},"end":{"line":21,"column":3}},"line":19},"2":{"name":"(anonymous_2)","decl":{"start":{"line":27,"column":2},"end":{"line":27,"column":3}},"loc":{"start":{"line":27,"column":28},"end":{"line":29,"column":3}},"line":27},"3":{"name":"(anonymous_3)","decl":{"start":{"line":35,"column":2},"end":{"line":35,"column":3}},"loc":{"start":{"line":35,"column":28},"end":{"line":37,"column":3}},"line":35},"4":{"name":"(anonymous_4)","decl":{"start":{"line":40,"column":32},"end":{"line":40,"column":33}},"loc":{"start":{"line":40,"column":58},"end":{"line":42,"column":1}},"line":40},"5":{"name":"(anonymous_5)","decl":{"start":{"line":44,"column":29},"end":{"line":44,"column":30}},"loc":{"start":{"line":44,"column":55},"end":{"line":46,"column":1}},"line":44},"6":{"name":"(anonymous_6)","decl":{"start":{"line":48,"column":26},"end":{"line":48,"column":27}},"loc":{"start":{"line":48,"column":52},"end":{"line":50,"column":1}},"line":48}},"branchMap":{},"s":{"0":1,"1":1,"2":1,"3":1,"4":0,"5":1,"6":0,"7":1,"8":0,"9":1,"10":0,"11":1,"12":0,"13":1,"14":0},"f":{"0":1,"1":0,"2":0,"3":0,"4":0,"5":0,"6":0},"b":{},"_coverageSchema":"1a1c01bbd47fc00a2c39e90264f33305004495a9","hash":"7161e1fbfda3f76c6ed8c981a5c2da6b6aecd40c"}
,"D:\\BlueSilo-proj\\attendance-be\\src\\routes\\attendanceOvertime.route.js": {"path":"D:\\BlueSilo-proj\\attendance-be\\src\\routes\\attendanceOvertime.route.js","statementMap":{"0":{"start":{"line":5,"column":33},"end":{"line":5,"column":49}},"1":{"start":{"line":7,"column":0},"end":{"line":9,"column":3}},"2":{"start":{"line":8,"column":2},"end":{"line":8,"column":59}},"3":{"start":{"line":11,"column":0},"end":{"line":13,"column":3}},"4":{"start":{"line":12,"column":2},"end":{"line":12,"column":56}},"5":{"start":{"line":15,"column":0},"end":{"line":17,"column":3}},"6":{"start":{"line":16,"column":2},"end":{"line":16,"column":57}},"7":{"start":{"line":19,"column":0},"end":{"line":21,"column":3}},"8":{"start":{"line":20,"column":2},"end":{"line":20,"column":50}}},"fnMap":{"0":{"name":"(anonymous_0)","decl":{"start":{"line":7,"column":41},"end":{"line":7,"column":42}},"loc":{"start":{"line":7,"column":67},"end":{"line":9,"column":1}},"line":7},"1":{"name":"(anonymous_1)","decl":{"start":{"line":11,"column":34},"end":{"line":11,"column":35}},"loc":{"start":{"line":11,"column":60},"end":{"line":13,"column":1}},"line":11},"2":{"name":"(anonymous_2)","decl":{"start":{"line":15,"column":37},"end":{"line":15,"column":38}},"loc":{"start":{"line":15,"column":63},"end":{"line":17,"column":1}},"line":15},"3":{"name":"(anonymous_3)","decl":{"start":{"line":19,"column":40},"end":{"line":19,"column":41}},"loc":{"start":{"line":19,"column":66},"end":{"line":21,"column":1}},"line":19}},"branchMap":{},"s":{"0":1,"1":1,"2":0,"3":1,"4":0,"5":1,"6":0,"7":1,"8":0},"f":{"0":0,"1":0,"2":0,"3":0},"b":{},"_coverageSchema":"1a1c01bbd47fc00a2c39e90264f33305004495a9","hash":"a6d8da58d339c4605491a042c95212146b169671"}
,"D:\\BlueSilo-proj\\attendance-be\\src\\routes\\attendanceRequest.route.js": {"path":"D:\\BlueSilo-proj\\attendance-be\\src\\routes\\attendanceRequest.route.js","statementMap":{"0":{"start":{"line":5,"column":32},"end":{"line":5,"column":48}},"1":{"start":{"line":7,"column":0},"end":{"line":9,"column":3}},"2":{"start":{"line":8,"column":2},"end":{"line":8,"column":67}},"3":{"start":{"line":11,"column":0},"end":{"line":13,"column":3}},"4":{"start":{"line":12,"column":2},"end":{"line":12,"column":59}},"5":{"start":{"line":15,"column":0},"end":{"line":17,"column":3}},"6":{"start":{"line":16,"column":2},"end":{"line":16,"column":66}},"7":{"start":{"line":19,"column":0},"end":{"line":21,"column":3}},"8":{"start":{"line":20,"column":2},"end":{"line":20,"column":65}},"9":{"start":{"line":23,"column":0},"end":{"line":25,"column":3}},"10":{"start":{"line":24,"column":2},"end":{"line":24,"column":62}}},"fnMap":{"0":{"name":"(anonymous_0)","decl":{"start":{"line":7,"column":40},"end":{"line":7,"column":41}},"loc":{"start":{"line":7,"column":66},"end":{"line":9,"column":1}},"line":7},"1":{"name":"(anonymous_1)","decl":{"start":{"line":11,"column":39},"end":{"line":11,"column":40}},"loc":{"start":{"line":11,"column":65},"end":{"line":13,"column":1}},"line":11},"2":{"name":"(anonymous_2)","decl":{"start":{"line":15,"column":36},"end":{"line":15,"column":37}},"loc":{"start":{"line":15,"column":62},"end":{"line":17,"column":1}},"line":15},"3":{"name":"(anonymous_3)","decl":{"start":{"line":19,"column":33},"end":{"line":19,"column":34}},"loc":{"start":{"line":19,"column":59},"end":{"line":21,"column":1}},"line":19},"4":{"name":"(anonymous_4)","decl":{"start":{"line":23,"column":36},"end":{"line":23,"column":37}},"loc":{"start":{"line":23,"column":62},"end":{"line":25,"column":1}},"line":23}},"branchMap":{},"s":{"0":1,"1":1,"2":0,"3":1,"4":0,"5":1,"6":0,"7":1,"8":0,"9":1,"10":0},"f":{"0":0,"1":0,"2":0,"3":0,"4":0},"b":{},"_coverageSchema":"1a1c01bbd47fc00a2c39e90264f33305004495a9","hash":"82fd547ee33a548c4727c39e046fae4a593a3fe0"}
,"D:\\BlueSilo-proj\\attendance-be\\src\\routes\\attendanceSetting.route.js": {"path":"D:\\BlueSilo-proj\\attendance-be\\src\\routes\\attendanceSetting.route.js","statementMap":{"0":{"start":{"line":5,"column":32},"end":{"line":5,"column":48}},"1":{"start":{"line":7,"column":0},"end":{"line":9,"column":3}},"2":{"start":{"line":8,"column":2},"end":{"line":8,"column":59}},"3":{"start":{"line":11,"column":0},"end":{"line":13,"column":3}},"4":{"start":{"line":12,"column":2},"end":{"line":12,"column":59}},"5":{"start":{"line":15,"column":0},"end":{"line":17,"column":3}},"6":{"start":{"line":16,"column":2},"end":{"line":16,"column":59}}},"fnMap":{"0":{"name":"(anonymous_0)","decl":{"start":{"line":7,"column":33},"end":{"line":7,"column":34}},"loc":{"start":{"line":7,"column":59},"end":{"line":9,"column":1}},"line":7},"1":{"name":"(anonymous_1)","decl":{"start":{"line":11,"column":40},"end":{"line":11,"column":41}},"loc":{"start":{"line":11,"column":66},"end":{"line":13,"column":1}},"line":11},"2":{"name":"(anonymous_2)","decl":{"start":{"line":15,"column":36},"end":{"line":15,"column":37}},"loc":{"start":{"line":15,"column":62},"end":{"line":17,"column":1}},"line":15}},"branchMap":{},"s":{"0":1,"1":1,"2":0,"3":1,"4":0,"5":1,"6":0},"f":{"0":0,"1":0,"2":0},"b":{},"_coverageSchema":"1a1c01bbd47fc00a2c39e90264f33305004495a9","hash":"c0551f2ffa87bccc36f9ddd94d49634c0b434541"}
,"D:\\BlueSilo-proj\\attendance-be\\src\\routes\\index.js": {"path":"D:\\BlueSilo-proj\\attendance-be\\src\\routes\\index.js","statementMap":{"0":{"start":{"line":8,"column":15},"end":{"line":8,"column":31}},"1":{"start":{"line":10,"column":0},"end":{"line":10,"column":48}},"2":{"start":{"line":11,"column":0},"end":{"line":11,"column":63}},"3":{"start":{"line":12,"column":0},"end":{"line":12,"column":63}},"4":{"start":{"line":13,"column":0},"end":{"line":13,"column":65}}},"fnMap":{},"branchMap":{},"s":{"0":1,"1":1,"2":1,"3":1,"4":1},"f":{},"b":{},"_coverageSchema":"1a1c01bbd47fc00a2c39e90264f33305004495a9","hash":"fc205b29e285353c2a59188d04c0f7301364ad19"}
,"D:\\BlueSilo-proj\\attendance-be\\src\\utils\\aws.js": {"path":"D:\\BlueSilo-proj\\attendance-be\\src\\utils\\aws.js","statementMap":{"0":{"start":{"line":5,"column":0},"end":{"line":5,"column":16}},"1":{"start":{"line":7,"column":11},"end":{"line":11,"column":2}},"2":{"start":{"line":13,"column":26},"end":{"line":26,"column":1}},"3":{"start":{"line":14,"column":21},"end":{"line":14,"column":51}},"4":{"start":{"line":16,"column":17},"end":{"line":21,"column":3}},"5":{"start":{"line":23,"column":22},"end":{"line":23,"column":55}},"6":{"start":{"line":25,"column":2},"end":{"line":25,"column":21}},"7":{"start":{"line":28,"column":26},"end":{"line":36,"column":1}},"8":{"start":{"line":29,"column":2},"end":{"line":29,"column":39}},"9":{"start":{"line":29,"column":29},"end":{"line":29,"column":39}},"10":{"start":{"line":31,"column":2},"end":{"line":35,"column":3}},"11":{"start":{"line":32,"column":4},"end":{"line":32,"column":17}},"12":{"start":{"line":34,"column":4},"end":{"line":34,"column":89}},"13":{"start":{"line":38,"column":16},"end":{"line":42,"column":2}},"14":{"start":{"line":40,"column":4},"end":{"line":40,"column":32}},"15":{"start":{"line":44,"column":17},"end":{"line":44,"column":32}},"16":{"start":{"line":46,"column":22},"end":{"line":63,"column":2}},"17":{"start":{"line":49,"column":4},"end":{"line":52,"column":5}},"18":{"start":{"line":51,"column":6},"end":{"line":51,"column":66}},"19":{"start":{"line":55,"column":30},"end":{"line":55,"column":52}},"20":{"start":{"line":57,"column":4},"end":{"line":59,"column":5}},"21":{"start":{"line":58,"column":6},"end":{"line":58,"column":68}},"22":{"start":{"line":61,"column":4},"end":{"line":61,"column":19}}},"fnMap":{"0":{"name":"(anonymous_0)","decl":{"start":{"line":13,"column":26},"end":{"line":13,"column":27}},"loc":{"start":{"line":13,"column":42},"end":{"line":26,"column":1}},"line":13},"1":{"name":"(anonymous_1)","decl":{"start":{"line":28,"column":26},"end":{"line":28,"column":27}},"loc":{"start":{"line":28,"column":37},"end":{"line":36,"column":1}},"line":28},"2":{"name":"(anonymous_2)","decl":{"start":{"line":39,"column":12},"end":{"line":39,"column":13}},"loc":{"start":{"line":39,"column":37},"end":{"line":41,"column":3}},"line":39},"3":{"name":"(anonymous_3)","decl":{"start":{"line":48,"column":14},"end":{"line":48,"column":15}},"loc":{"start":{"line":48,"column":39},"end":{"line":62,"column":3}},"line":48}},"branchMap":{"0":{"loc":{"start":{"line":29,"column":2},"end":{"line":29,"column":39}},"type":"if","locations":[{"start":{"line":29,"column":2},"end":{"line":29,"column":39}},{"start":{},"end":{}}],"line":29},"1":{"loc":{"start":{"line":29,"column":6},"end":{"line":29,"column":27}},"type":"binary-expr","locations":[{"start":{"line":29,"column":6},"end":{"line":29,"column":12}},{"start":{"line":29,"column":16},"end":{"line":29,"column":27}}],"line":29},"2":{"loc":{"start":{"line":31,"column":2},"end":{"line":35,"column":3}},"type":"if","locations":[{"start":{"line":31,"column":2},"end":{"line":35,"column":3}},{"start":{"line":33,"column":9},"end":{"line":35,"column":3}}],"line":31},"3":{"loc":{"start":{"line":49,"column":4},"end":{"line":52,"column":5}},"type":"if","locations":[{"start":{"line":49,"column":4},"end":{"line":52,"column":5}},{"start":{},"end":{}}],"line":49},"4":{"loc":{"start":{"line":57,"column":4},"end":{"line":59,"column":5}},"type":"if","locations":[{"start":{"line":57,"column":4},"end":{"line":59,"column":5}},{"start":{},"end":{}}],"line":57}},"s":{"0":1,"1":1,"2":1,"3":0,"4":0,"5":0,"6":0,"7":1,"8":0,"9":0,"10":0,"11":0,"12":0,"13":1,"14":0,"15":1,"16":1,"17":0,"18":0,"19":0,"20":0,"21":0,"22":0},"f":{"0":0,"1":0,"2":0,"3":0},"b":{"0":[0,0],"1":[0,0],"2":[0,0],"3":[0,0],"4":[0,0]},"_coverageSchema":"1a1c01bbd47fc00a2c39e90264f33305004495a9","hash":"4e5b94e7cde08fb454533ecd1fe26f4ebe6af332"}
,"D:\\BlueSilo-proj\\attendance-be\\src\\utils\\common.js": {"path":"D:\\BlueSilo-proj\\attendance-be\\src\\utils\\common.js","statementMap":{"0":{"start":{"line":5,"column":17},"end":{"line":5,"column":32}},"1":{"start":{"line":7,"column":30},"end":{"line":31,"column":1}},"2":{"start":{"line":8,"column":19},"end":{"line":8,"column":68}},"3":{"start":{"line":9,"column":14},"end":{"line":9,"column":34}},"4":{"start":{"line":11,"column":2},"end":{"line":15,"column":3}},"5":{"start":{"line":12,"column":4},"end":{"line":12,"column":76}},"6":{"start":{"line":14,"column":4},"end":{"line":14,"column":29}},"7":{"start":{"line":17,"column":1},"end":{"line":19,"column":3}},"8":{"start":{"line":18,"column":4},"end":{"line":18,"column":35}},"9":{"start":{"line":21,"column":1},"end":{"line":25,"column":3}},"10":{"start":{"line":22,"column":4},"end":{"line":22,"column":45}},"11":{"start":{"line":23,"column":9},"end":{"line":25,"column":3}},"12":{"start":{"line":24,"column":4},"end":{"line":24,"column":35}},"13":{"start":{"line":26,"column":2},"end":{"line":28,"column":3}},"14":{"start":{"line":27,"column":4},"end":{"line":27,"column":37}},"15":{"start":{"line":30,"column":1},"end":{"line":30,"column":15}},"16":{"start":{"line":34,"column":29},"end":{"line":39,"column":1}},"17":{"start":{"line":37,"column":19},"end":{"line":37,"column":66}},"18":{"start":{"line":38,"column":1},"end":{"line":38,"column":18}},"19":{"start":{"line":42,"column":29},"end":{"line":46,"column":1}},"20":{"start":{"line":43,"column":19},"end":{"line":43,"column":83}},"21":{"start":{"line":44,"column":1},"end":{"line":44,"column":18}},"22":{"start":{"line":48,"column":33},"end":{"line":58,"column":1}},"23":{"start":{"line":49,"column":14},"end":{"line":49,"column":16}},"24":{"start":{"line":50,"column":20},"end":{"line":50,"column":84}},"25":{"start":{"line":51,"column":26},"end":{"line":51,"column":43}},"26":{"start":{"line":53,"column":1},"end":{"line":55,"column":2}},"27":{"start":{"line":53,"column":14},"end":{"line":53,"column":15}},"28":{"start":{"line":54,"column":2},"end":{"line":54,"column":76}},"29":{"start":{"line":57,"column":1},"end":{"line":57,"column":15}}},"fnMap":{"0":{"name":"(anonymous_0)","decl":{"start":{"line":7,"column":30},"end":{"line":7,"column":31}},"loc":{"start":{"line":7,"column":78},"end":{"line":31,"column":1}},"line":7},"1":{"name":"(anonymous_1)","decl":{"start":{"line":34,"column":29},"end":{"line":34,"column":30}},"loc":{"start":{"line":34,"column":39},"end":{"line":39,"column":1}},"line":34},"2":{"name":"(anonymous_2)","decl":{"start":{"line":42,"column":29},"end":{"line":42,"column":30}},"loc":{"start":{"line":42,"column":39},"end":{"line":46,"column":1}},"line":42},"3":{"name":"(anonymous_3)","decl":{"start":{"line":48,"column":33},"end":{"line":48,"column":34}},"loc":{"start":{"line":48,"column":45},"end":{"line":58,"column":1}},"line":48}},"branchMap":{"0":{"loc":{"start":{"line":8,"column":19},"end":{"line":8,"column":68}},"type":"cond-expr","locations":[{"start":{"line":8,"column":35},"end":{"line":8,"column":48}},{"start":{"line":8,"column":51},"end":{"line":8,"column":68}}],"line":8},"1":{"loc":{"start":{"line":11,"column":2},"end":{"line":15,"column":3}},"type":"if","locations":[{"start":{"line":11,"column":2},"end":{"line":15,"column":3}},{"start":{"line":13,"column":9},"end":{"line":15,"column":3}}],"line":11},"2":{"loc":{"start":{"line":12,"column":24},"end":{"line":12,"column":75}},"type":"cond-expr","locations":[{"start":{"line":12,"column":48},"end":{"line":12,"column":69}},{"start":{"line":12,"column":72},"end":{"line":12,"column":75}}],"line":12},"3":{"loc":{"start":{"line":17,"column":1},"end":{"line":19,"column":3}},"type":"if","locations":[{"start":{"line":17,"column":1},"end":{"line":19,"column":3}},{"start":{},"end":{}}],"line":17},"4":{"loc":{"start":{"line":21,"column":1},"end":{"line":25,"column":3}},"type":"if","locations":[{"start":{"line":21,"column":1},"end":{"line":25,"column":3}},{"start":{"line":23,"column":9},"end":{"line":25,"column":3}}],"line":21},"5":{"loc":{"start":{"line":23,"column":9},"end":{"line":25,"column":3}},"type":"if","locations":[{"start":{"line":23,"column":9},"end":{"line":25,"column":3}},{"start":{},"end":{}}],"line":23},"6":{"loc":{"start":{"line":26,"column":2},"end":{"line":28,"column":3}},"type":"if","locations":[{"start":{"line":26,"column":2},"end":{"line":28,"column":3}},{"start":{},"end":{}}],"line":26}},"s":{"0":1,"1":1,"2":0,"3":0,"4":0,"5":0,"6":0,"7":0,"8":0,"9":0,"10":0,"11":0,"12":0,"13":0,"14":0,"15":0,"16":1,"17":0,"18":0,"19":1,"20":0,"21":0,"22":1,"23":0,"24":0,"25":0,"26":0,"27":0,"28":0,"29":0},"f":{"0":0,"1":0,"2":0,"3":0},"b":{"0":[0,0],"1":[0,0],"2":[0,0],"3":[0,0],"4":[0,0],"5":[0,0],"6":[0,0]},"_coverageSchema":"1a1c01bbd47fc00a2c39e90264f33305004495a9","hash":"6d43774ab5313f818a83573c0c1b8fe1459a2151"}
}
